0 info it worked if it ends with ok
1 verbose cli [ 'c:\\Program Files\\nodejs\\node.exe',
1 verbose cli   'c:\\Program Files\\nodejs\\node_modules\\npm\\bin\\npm-cli.js',
1 verbose cli   'install',
1 verbose cli   'socket.io',
1 verbose cli   'C:/Program Files (x86)/Git' ]
2 info using npm@1.4.28
3 info using node@v0.10.33
4 warn package.json chatrooms@1.0.0 No repository field.
5 warn package.json chatrooms@1.0.0 No README data
6 verbose readDependencies using package.json deps
7 verbose cache add [ 'socket.io@~0.9.6', null ]
8 verbose cache add name=undefined spec="socket.io@~0.9.6" args=["socket.io@~0.9.6",null]
9 verbose parsed url { protocol: null,
9 verbose parsed url   slashes: null,
9 verbose parsed url   auth: null,
9 verbose parsed url   host: null,
9 verbose parsed url   port: null,
9 verbose parsed url   hostname: null,
9 verbose parsed url   hash: null,
9 verbose parsed url   search: null,
9 verbose parsed url   query: null,
9 verbose parsed url   pathname: 'socket.io@~0.9.6',
9 verbose parsed url   path: 'socket.io@~0.9.6',
9 verbose parsed url   href: 'socket.io@~0.9.6' }
10 verbose cache add [ 'C:/Program Files (x86)/Git', null ]
11 verbose cache add name=undefined spec="C:/Program Files (x86)/Git" args=["C:/Program Files (x86)/Git",null]
12 verbose parsed url { protocol: 'c:',
12 verbose parsed url   slashes: null,
12 verbose parsed url   auth: null,
12 verbose parsed url   host: '',
12 verbose parsed url   port: null,
12 verbose parsed url   hostname: '',
12 verbose parsed url   hash: null,
12 verbose parsed url   search: null,
12 verbose parsed url   query: null,
12 verbose parsed url   pathname: '/Program%20Files%20(x86)/Git',
12 verbose parsed url   path: '/Program%20Files%20(x86)/Git',
12 verbose parsed url   href: 'c:/Program%20Files%20(x86)/Git' }
13 verbose cache add name="socket.io" spec="~0.9.6" args=["socket.io","~0.9.6"]
14 verbose parsed url { protocol: null,
14 verbose parsed url   slashes: null,
14 verbose parsed url   auth: null,
14 verbose parsed url   host: null,
14 verbose parsed url   port: null,
14 verbose parsed url   hostname: null,
14 verbose parsed url   hash: null,
14 verbose parsed url   search: null,
14 verbose parsed url   query: null,
14 verbose parsed url   pathname: '~0.9.6',
14 verbose parsed url   path: '~0.9.6',
14 verbose parsed url   href: '~0.9.6' }
15 verbose addNamed [ 'socket.io', '~0.9.6' ]
16 verbose addNamed [ null, '>=0.9.6-0 <0.10.0-0' ]
17 silly lockFile f801d28d-C-Program-Files-x86-Git C:/Program Files (x86)/Git
18 verbose lock C:/Program Files (x86)/Git C:\Users\Olzhas\AppData\Roaming\npm-cache\f801d28d-C-Program-Files-x86-Git.lock
19 silly lockFile f2e07591-socket-io-0-9-6 socket.io@~0.9.6
20 verbose lock socket.io@~0.9.6 C:\Users\Olzhas\AppData\Roaming\npm-cache\f2e07591-socket-io-0-9-6.lock
21 silly addNameRange { name: 'socket.io',
21 silly addNameRange   range: '>=0.9.6-0 <0.10.0-0',
21 silly addNameRange   hasData: false }
22 silly lockFile f801d28d-C-Program-Files-x86-Git C:/Program Files (x86)/Git
23 silly lockFile f801d28d-C-Program-Files-x86-Git C:/Program Files (x86)/Git
24 error addLocal Could not install C:/Program Files (x86)/Git
25 verbose request where is /socket.io
26 verbose request registry https://registry.npmjs.org/
27 verbose request id bc455a0657b366d1
28 verbose url raw /socket.io
29 verbose url resolving [ 'https://registry.npmjs.org/', './socket.io' ]
30 verbose url resolved https://registry.npmjs.org/socket.io
31 verbose request where is https://registry.npmjs.org/socket.io
32 info trying registry request attempt 1 at 17:47:53
33 verbose etag "2V7FQQPBWEYB16EA95MPILF10"
34 http GET https://registry.npmjs.org/socket.io
35 http 304 https://registry.npmjs.org/socket.io
36 silly registry.get cb [ 304,
36 silly registry.get   { date: 'Mon, 05 Jan 2015 22:47:51 GMT',
36 silly registry.get     server: 'Apache',
36 silly registry.get     via: '1.1 varnish',
36 silly registry.get     'last-modified': 'Mon, 05 Jan 2015 22:47:51 GMT',
36 silly registry.get     'cache-control': 'max-age=60',
36 silly registry.get     etag: '"2V7FQQPBWEYB16EA95MPILF10"',
36 silly registry.get     age: '30',
36 silly registry.get     'x-served-by': 'cache-jfk1022-JFK',
36 silly registry.get     'x-cache': 'HIT',
36 silly registry.get     'x-cache-hits': '1',
36 silly registry.get     'x-timer': 'S1420498071.106899,VS0,VE0',
36 silly registry.get     vary: 'Accept',
36 silly registry.get     'content-length': '0',
36 silly registry.get     'keep-alive': 'timeout=10, max=50',
36 silly registry.get     connection: 'Keep-Alive' } ]
37 verbose etag https://registry.npmjs.org/socket.io from cache
38 silly addNameRange number 2 { name: 'socket.io',
38 silly addNameRange   range: '>=0.9.6-0 <0.10.0-0',
38 silly addNameRange   hasData: true }
39 silly addNameRange versions [ 'socket.io',
39 silly addNameRange   [ '0.3.8',
39 silly addNameRange     '0.4.0',
39 silly addNameRange     '0.4.1',
39 silly addNameRange     '0.5.1',
39 silly addNameRange     '0.5.3',
39 silly addNameRange     '0.6.0',
39 silly addNameRange     '0.6.1',
39 silly addNameRange     '0.6.3',
39 silly addNameRange     '0.6.4',
39 silly addNameRange     '0.6.5',
39 silly addNameRange     '0.6.6',
39 silly addNameRange     '0.6.7',
39 silly addNameRange     '0.6.8',
39 silly addNameRange     '0.6.9',
39 silly addNameRange     '0.6.10',
39 silly addNameRange     '0.6.11',
39 silly addNameRange     '0.6.12',
39 silly addNameRange     '0.6.14',
39 silly addNameRange     '0.6.15',
39 silly addNameRange     '0.6.16',
39 silly addNameRange     '0.6.17',
39 silly addNameRange     '0.6.18',
39 silly addNameRange     '0.7.0',
39 silly addNameRange     '0.7.1',
39 silly addNameRange     '0.7.2',
39 silly addNameRange     '0.7.3',
39 silly addNameRange     '0.7.4',
39 silly addNameRange     '0.7.5',
39 silly addNameRange     '0.7.6',
39 silly addNameRange     '0.7.7',
39 silly addNameRange     '0.7.8',
39 silly addNameRange     '0.7.9',
39 silly addNameRange     '0.7.10',
39 silly addNameRange     '0.7.11',
39 silly addNameRange     '0.8.0',
39 silly addNameRange     '0.8.1',
39 silly addNameRange     '0.8.2',
39 silly addNameRange     '0.8.3',
39 silly addNameRange     '0.8.4',
39 silly addNameRange     '0.8.5',
39 silly addNameRange     '0.8.6',
39 silly addNameRange     '0.8.7',
39 silly addNameRange     '0.9.0',
39 silly addNameRange     '0.9.1',
39 silly addNameRange     '0.9.1-1',
39 silly addNameRange     '0.9.2',
39 silly addNameRange     '0.9.3',
39 silly addNameRange     '0.9.4',
39 silly addNameRange     '0.9.5',
39 silly addNameRange     '0.9.6',
39 silly addNameRange     '0.9.7',
39 silly addNameRange     '0.9.8',
39 silly addNameRange     '0.9.9',
39 silly addNameRange     '0.9.10',
39 silly addNameRange     '0.9.11',
39 silly addNameRange     '0.9.12',
39 silly addNameRange     '0.9.13',
39 silly addNameRange     '0.9.14',
39 silly addNameRange     '0.9.15',
39 silly addNameRange     '0.9.16',
39 silly addNameRange     '1.0.0-pre',
39 silly addNameRange     '1.0.0-pre2',
39 silly addNameRange     '1.0.0-pre3',
39 silly addNameRange     '1.0.0-pre4',
39 silly addNameRange     '1.0.0-pre5',
39 silly addNameRange     '0.9.17',
39 silly addNameRange     '1.0.0',
39 silly addNameRange     '1.0.1',
39 silly addNameRange     '1.0.2',
39 silly addNameRange     '1.0.3',
39 silly addNameRange     '1.0.4',
39 silly addNameRange     '1.0.5',
39 silly addNameRange     '1.0.6',
39 silly addNameRange     '1.1.0',
39 silly addNameRange     '1.2.0',
39 silly addNameRange     '1.2.1' ] ]
40 verbose addNamed [ 'socket.io', '0.9.17' ]
41 verbose addNamed [ '0.9.17', '0.9.17' ]
42 silly lockFile 1593240a-socket-io-0-9-17 socket.io@0.9.17
43 verbose lock socket.io@0.9.17 C:\Users\Olzhas\AppData\Roaming\npm-cache\1593240a-socket-io-0-9-17.lock
44 silly lockFile 1593240a-socket-io-0-9-17 socket.io@0.9.17
45 silly lockFile 1593240a-socket-io-0-9-17 socket.io@0.9.17
46 silly lockFile f2e07591-socket-io-0-9-6 socket.io@~0.9.6
47 silly lockFile f2e07591-socket-io-0-9-6 socket.io@~0.9.6
48 error Error: ENOENT, open 'C:\Program Files (x86)\Git\package.json'
49 error If you need help, you may report this *entire* log,
49 error including the npm and node versions, at:
49 error     <http://github.com/npm/npm/issues>
50 error System Windows_NT 6.2.9200
51 error command "c:\\Program Files\\nodejs\\node.exe" "c:\\Program Files\\nodejs\\node_modules\\npm\\bin\\npm-cli.js" "install" "socket.io" "C:/Program Files (x86)/Git"
52 error cwd c:\Users\Olzhas\desktop\projects\scraping\chatrooms
53 error node -v v0.10.33
54 error npm -v 1.4.28
55 error path C:\Program Files (x86)\Git\package.json
56 error code ENOENT
57 error errno 34
58 verbose exit [ 34, true ]
